D:\GITHUB\DJ3D\BUILD\WIN32\DJ3D\DEBUG\3D.OBJ
D:\GITHUB\DJ3D\BUILD\WIN32\DJ3D\DEBUG\BLENDOP.OBJ
D:\GitHub\dj3d\build\win32\dj3d\Debug\cl.command.1.tlog
D:\GitHub\dj3d\build\win32\dj3d\Debug\CL.read.1.tlog
D:\GitHub\dj3d\build\win32\dj3d\Debug\CL.write.1.tlog
D:\GITHUB\DJ3D\BUILD\WIN32\DJ3D\DEBUG\DJ3D_PARSER.OBJ
D:\GITHUB\DJ3D\BUILD\WIN32\DJ3D\DEBUG\EXCEPTION.OBJ
D:\GITHUB\DJ3D\BUILD\WIN32\DJ3D\DEBUG\IMAGELOADER.OBJ
D:\GITHUB\DJ3D\BUILD\WIN32\DJ3D\DEBUG\JPEGIMG.OBJ
D:\GitHub\dj3d\build\win32\dj3d\Debug\lib.command.1.tlog
D:\GitHub\dj3d\build\win32\dj3d\Debug\Lib-link.read.1.tlog
D:\GitHub\dj3d\build\win32\dj3d\Debug\Lib-link.write.1.tlog
D:\GITHUB\DJ3D\BUILD\WIN32\DJ3D\DEBUG\LIGHT.OBJ
D:\GITHUB\DJ3D\BUILD\WIN32\DJ3D\DEBUG\MATERIAL.OBJ
D:\GITHUB\DJ3D\BUILD\WIN32\DJ3D\DEBUG\MODEL.OBJ
D:\GITHUB\DJ3D\BUILD\WIN32\DJ3D\DEBUG\PNGIMG.OBJ
D:\GITHUB\DJ3D\BUILD\WIN32\DJ3D\DEBUG\RENDERMGR.OBJ
D:\GITHUB\DJ3D\BUILD\WIN32\DJ3D\DEBUG\ROUTINE.OBJ
D:\GITHUB\DJ3D\BUILD\WIN32\DJ3D\DEBUG\SCENE.OBJ
D:\GITHUB\DJ3D\BUILD\WIN32\DJ3D\DEBUG\TEXTURE2D.OBJ
D:\GITHUB\DJ3D\BUILD\WIN32\DJ3D\DEBUG\UTILITY.OBJ
D:\GitHub\dj3d\build\win32\dj3d\Debug\vc100.idb
D:\GITHUB\DJ3D\BUILD\WIN32\DJ3D\DEBUG\VC100.PDB
D:\GITHUB\DJ3D\SAMPLES\GLUTRUN\BUILD\WIN32\GLUTRUN\DEBUG\DJ3D.LIB
